<?xml version="1.0" encoding="UTF-8"?>
<project xmlns="https://www.dita-ot.org/project">
    
    <deliverable name="Grunt Master 6000 Guide" id="ug_gruntmaster6000_html5"> 
        <context name="Grunt Master 6000 Guide" id="ug_gruntmaster6000">
            <input href="ug_gruntmaster6000.ditamap"/>
            <profile>
                <ditaval href="GM6000.ditaval"/>
            </profile>
        </context>
        <output href="out"/>
        <publication transtype="html5">
            <param name="args.css" href="../css/custom.css"/>
            <param name="args.copycss" value="yes"/>
        </publication>
    </deliverable>
    
</project>
